[1.716s] Invoking command in '/home/the2003onean/dms_ws/src/dms_controller': DEBUGINFOD_URLS=https://debuginfod.ubuntu.com PYTHONPATH=/home/the2003onean/dms_ws/build/dms_controller/prefix_override:/usr/lib/python3/dist-packages/colcon_core/task/python/colcon_distutils_commands:/home/the2003onean/dms_ws/install/dms_controller/lib/python3.12/site-packages:${PYTHONPATH} /usr/bin/python3 -W ignore:setup.py install is deprecated -W ignore:easy_install command is deprecated setup.py egg_info --egg-base ../../build/dms_controller build --build-base /home/the2003onean/dms_ws/build/dms_controller/build install --record /home/the2003onean/dms_ws/build/dms_controller/install.log --single-version-externally-managed install_data
[2.115s] running egg_info
[2.143s] writing ../../build/dms_controller/dms_controller.egg-info/PKG-INFO
[2.145s] writing dependency_links to ../../build/dms_controller/dms_controller.egg-info/dependency_links.txt
[2.145s] writing entry points to ../../build/dms_controller/dms_controller.egg-info/entry_points.txt
[2.145s] writing requirements to ../../build/dms_controller/dms_controller.egg-info/requires.txt
[2.145s] writing top-level names to ../../build/dms_controller/dms_controller.egg-info/top_level.txt
[2.209s] reading manifest file '../../build/dms_controller/dms_controller.egg-info/SOURCES.txt'
[2.210s] writing manifest file '../../build/dms_controller/dms_controller.egg-info/SOURCES.txt'
[2.210s] running build
[2.211s] running build_py
[2.212s] running install
[2.220s] running install_lib
[2.257s] running install_data
[2.257s] running install_egg_info
[2.296s] removing '/home/the2003onean/dms_ws/install/dms_controller/lib/python3.12/site-packages/dms_controller-0.0.0-py3.12.egg-info' (and everything under it)
[2.296s] Copying ../../build/dms_controller/dms_controller.egg-info to /home/the2003onean/dms_ws/install/dms_controller/lib/python3.12/site-packages/dms_controller-0.0.0-py3.12.egg-info
[2.298s] running install_scripts
[2.516s] Installing dms_bridge_node script to /home/the2003onean/dms_ws/install/dms_controller/lib/dms_controller
[2.517s] writing list of installed files to '/home/the2003onean/dms_ws/build/dms_controller/install.log'
[2.574s] Invoked command in '/home/the2003onean/dms_ws/src/dms_controller' returned '0': DEBUGINFOD_URLS=https://debuginfod.ubuntu.com PYTHONPATH=/home/the2003onean/dms_ws/build/dms_controller/prefix_override:/usr/lib/python3/dist-packages/colcon_core/task/python/colcon_distutils_commands:/home/the2003onean/dms_ws/install/dms_controller/lib/python3.12/site-packages:${PYTHONPATH} /usr/bin/python3 -W ignore:setup.py install is deprecated -W ignore:easy_install command is deprecated setup.py egg_info --egg-base ../../build/dms_controller build --build-base /home/the2003onean/dms_ws/build/dms_controller/build install --record /home/the2003onean/dms_ws/build/dms_controller/install.log --single-version-externally-managed install_data
