running egg_info
creating ../../build/dms_controller/dms_controller.egg-info
writing ../../build/dms_controller/dms_controller.egg-info/PKG-INFO
writing dependency_links to ../../build/dms_controller/dms_controller.egg-info/dependency_links.txt
writing requirements to ../../build/dms_controller/dms_controller.egg-info/requires.txt
writing top-level names to ../../build/dms_controller/dms_controller.egg-info/top_level.txt
writing manifest file '../../build/dms_controller/dms_controller.egg-info/SOURCES.txt'
reading manifest file '../../build/dms_controller/dms_controller.egg-info/SOURCES.txt'
writing manifest file '../../build/dms_controller/dms_controller.egg-info/SOURCES.txt'
running build
running build_py
creating /home/the2003onean/dms_ws/build/dms_controller/build
creating /home/the2003onean/dms_ws/build/dms_controller/build/lib
creating /home/the2003onean/dms_ws/build/dms_controller/build/lib/dms_controller
copying dms_controller/__init__.py -> /home/the2003onean/dms_ws/build/dms_controller/build/lib/dms_controller
running install
running install_lib
creating /home/the2003onean/dms_ws/install/dms_controller/lib/python3.12/site-packages/dms_controller
copying /home/the2003onean/dms_ws/build/dms_controller/build/lib/dms_controller/__init__.py -> /home/the2003onean/dms_ws/install/dms_controller/lib/python3.12/site-packages/dms_controller
byte-compiling /home/the2003onean/dms_ws/install/dms_controller/lib/python3.12/site-packages/dms_controller/__init__.py to __init__.cpython-312.pyc
running install_data
creating /home/the2003onean/dms_ws/install/dms_controller/share/ament_index
creating /home/the2003onean/dms_ws/install/dms_controller/share/ament_index/resource_index
creating /home/the2003onean/dms_ws/install/dms_controller/share/ament_index/resource_index/packages
copying resource/dms_controller -> /home/the2003onean/dms_ws/install/dms_controller/share/ament_index/resource_index/packages
copying package.xml -> /home/the2003onean/dms_ws/install/dms_controller/share/dms_controller
running install_egg_info
Copying ../../build/dms_controller/dms_controller.egg-info to /home/the2003onean/dms_ws/install/dms_controller/lib/python3.12/site-packages/dms_controller-0.0.0-py3.12.egg-info
running install_scripts
writing list of installed files to '/home/the2003onean/dms_ws/build/dms_controller/install.log'
