[0.990s] Invoking command in '/home/the2003onean/dms_ws/src/dms_controller': DEBUGINFOD_URLS=https://debuginfod.ubuntu.com PYTHONPATH=/home/the2003onean/dms_ws/build/dms_controller/prefix_override:/usr/lib/python3/dist-packages/colcon_core/task/python/colcon_distutils_commands:/home/the2003onean/dms_ws/install/dms_controller/lib/python3.12/site-packages:${PYTHONPATH} /usr/bin/python3 -W ignore:setup.py install is deprecated -W ignore:easy_install command is deprecated setup.py egg_info --egg-base ../../build/dms_controller build --build-base /home/the2003onean/dms_ws/build/dms_controller/build install --record /home/the2003onean/dms_ws/build/dms_controller/install.log --single-version-externally-managed install_data
[1.205s] running egg_info
[1.206s] creating ../../build/dms_controller/dms_controller.egg-info
[1.222s] writing ../../build/dms_controller/dms_controller.egg-info/PKG-INFO
[1.222s] writing dependency_links to ../../build/dms_controller/dms_controller.egg-info/dependency_links.txt
[1.223s] writing requirements to ../../build/dms_controller/dms_controller.egg-info/requires.txt
[1.223s] writing top-level names to ../../build/dms_controller/dms_controller.egg-info/top_level.txt
[1.223s] writing manifest file '../../build/dms_controller/dms_controller.egg-info/SOURCES.txt'
[1.256s] reading manifest file '../../build/dms_controller/dms_controller.egg-info/SOURCES.txt'
[1.257s] writing manifest file '../../build/dms_controller/dms_controller.egg-info/SOURCES.txt'
[1.257s] running build
[1.257s] running build_py
[1.257s] creating /home/the2003onean/dms_ws/build/dms_controller/build
[1.257s] creating /home/the2003onean/dms_ws/build/dms_controller/build/lib
[1.257s] creating /home/the2003onean/dms_ws/build/dms_controller/build/lib/dms_controller
[1.257s] copying dms_controller/__init__.py -> /home/the2003onean/dms_ws/build/dms_controller/build/lib/dms_controller
[1.257s] running install
[1.262s] running install_lib
[1.279s] creating /home/the2003onean/dms_ws/install/dms_controller/lib/python3.12/site-packages/dms_controller
[1.280s] copying /home/the2003onean/dms_ws/build/dms_controller/build/lib/dms_controller/__init__.py -> /home/the2003onean/dms_ws/install/dms_controller/lib/python3.12/site-packages/dms_controller
[1.280s] byte-compiling /home/the2003onean/dms_ws/install/dms_controller/lib/python3.12/site-packages/dms_controller/__init__.py to __init__.cpython-312.pyc
[1.280s] running install_data
[1.280s] creating /home/the2003onean/dms_ws/install/dms_controller/share/ament_index
[1.280s] creating /home/the2003onean/dms_ws/install/dms_controller/share/ament_index/resource_index
[1.281s] creating /home/the2003onean/dms_ws/install/dms_controller/share/ament_index/resource_index/packages
[1.281s] copying resource/dms_controller -> /home/the2003onean/dms_ws/install/dms_controller/share/ament_index/resource_index/packages
[1.281s] copying package.xml -> /home/the2003onean/dms_ws/install/dms_controller/share/dms_controller
[1.281s] running install_egg_info
[1.298s] Copying ../../build/dms_controller/dms_controller.egg-info to /home/the2003onean/dms_ws/install/dms_controller/lib/python3.12/site-packages/dms_controller-0.0.0-py3.12.egg-info
[1.299s] running install_scripts
[1.411s] writing list of installed files to '/home/the2003onean/dms_ws/build/dms_controller/install.log'
[1.431s] Invoked command in '/home/the2003onean/dms_ws/src/dms_controller' returned '0': DEBUGINFOD_URLS=https://debuginfod.ubuntu.com PYTHONPATH=/home/the2003onean/dms_ws/build/dms_controller/prefix_override:/usr/lib/python3/dist-packages/colcon_core/task/python/colcon_distutils_commands:/home/the2003onean/dms_ws/install/dms_controller/lib/python3.12/site-packages:${PYTHONPATH} /usr/bin/python3 -W ignore:setup.py install is deprecated -W ignore:easy_install command is deprecated setup.py egg_info --egg-base ../../build/dms_controller build --build-base /home/the2003onean/dms_ws/build/dms_controller/build install --record /home/the2003onean/dms_ws/build/dms_controller/install.log --single-version-externally-managed install_data
