running egg_info
writing ../../build/dms_controller/dms_controller.egg-info/PKG-INFO
writing dependency_links to ../../build/dms_controller/dms_controller.egg-info/dependency_links.txt
writing entry points to ../../build/dms_controller/dms_controller.egg-info/entry_points.txt
writing requirements to ../../build/dms_controller/dms_controller.egg-info/requires.txt
writing top-level names to ../../build/dms_controller/dms_controller.egg-info/top_level.txt
reading manifest file '../../build/dms_controller/dms_controller.egg-info/SOURCES.txt'
writing manifest file '../../build/dms_controller/dms_controller.egg-info/SOURCES.txt'
running build
running build_py
copying dms_controller/dms_bridge_node.py -> /home/the2003onean/dms_ws/build/dms_controller/build/lib/dms_controller
running install
running install_lib
copying /home/the2003onean/dms_ws/build/dms_controller/build/lib/dms_controller/dms_bridge_node.py -> /home/the2003onean/dms_ws/install/dms_controller/lib/python3.12/site-packages/dms_controller
byte-compiling /home/the2003onean/dms_ws/install/dms_controller/lib/python3.12/site-packages/dms_controller/dms_bridge_node.py to dms_bridge_node.cpython-312.pyc
Sorry: IndentationError: unindent does not match any outer indentation level (dms_bridge_node.py, line 145)
running install_data
running install_egg_info
removing '/home/the2003onean/dms_ws/install/dms_controller/lib/python3.12/site-packages/dms_controller-0.0.0-py3.12.egg-info' (and everything under it)
Copying ../../build/dms_controller/dms_controller.egg-info to /home/the2003onean/dms_ws/install/dms_controller/lib/python3.12/site-packages/dms_controller-0.0.0-py3.12.egg-info
running install_scripts
Installing dms_bridge_node script to /home/the2003onean/dms_ws/install/dms_controller/lib/dms_controller
writing list of installed files to '/home/the2003onean/dms_ws/build/dms_controller/install.log'
