[0.673s] Invoking command in '/home/the2003onean/dms_ws/src/dms_controller': DEBUGINFOD_URLS=https://debuginfod.ubuntu.com PYTHONPATH=/home/the2003onean/dms_ws/build/dms_controller/prefix_override:/usr/lib/python3/dist-packages/colcon_core/task/python/colcon_distutils_commands:/home/the2003onean/dms_ws/install/dms_controller/lib/python3.12/site-packages:${PYTHONPATH} /usr/bin/python3 -W ignore:setup.py install is deprecated -W ignore:easy_install command is deprecated setup.py egg_info --egg-base ../../build/dms_controller build --build-base /home/the2003onean/dms_ws/build/dms_controller/build install --record /home/the2003onean/dms_ws/build/dms_controller/install.log --single-version-externally-managed install_data
[0.901s] running egg_info
[0.919s] writing ../../build/dms_controller/dms_controller.egg-info/PKG-INFO
[0.919s] writing dependency_links to ../../build/dms_controller/dms_controller.egg-info/dependency_links.txt
[0.919s] writing entry points to ../../build/dms_controller/dms_controller.egg-info/entry_points.txt
[0.919s] writing requirements to ../../build/dms_controller/dms_controller.egg-info/requires.txt
[0.919s] writing top-level names to ../../build/dms_controller/dms_controller.egg-info/top_level.txt
[0.956s] reading manifest file '../../build/dms_controller/dms_controller.egg-info/SOURCES.txt'
[0.957s] writing manifest file '../../build/dms_controller/dms_controller.egg-info/SOURCES.txt'
[0.957s] running build
[0.957s] running build_py
[0.957s] copying dms_controller/dms_bridge_node.py -> /home/the2003onean/dms_ws/build/dms_controller/build/lib/dms_controller
[0.958s] running install
[0.962s] running install_lib
[0.981s] copying /home/the2003onean/dms_ws/build/dms_controller/build/lib/dms_controller/dms_bridge_node.py -> /home/the2003onean/dms_ws/install/dms_controller/lib/python3.12/site-packages/dms_controller
[0.981s] byte-compiling /home/the2003onean/dms_ws/install/dms_controller/lib/python3.12/site-packages/dms_controller/dms_bridge_node.py to dms_bridge_node.cpython-312.pyc
[0.982s] Sorry: IndentationError: unindent does not match any outer indentation level (dms_bridge_node.py, line 145)
[0.982s] running install_data
[0.982s] running install_egg_info
[1.000s] removing '/home/the2003onean/dms_ws/install/dms_controller/lib/python3.12/site-packages/dms_controller-0.0.0-py3.12.egg-info' (and everything under it)
[1.000s] Copying ../../build/dms_controller/dms_controller.egg-info to /home/the2003onean/dms_ws/install/dms_controller/lib/python3.12/site-packages/dms_controller-0.0.0-py3.12.egg-info
[1.001s] running install_scripts
[1.118s] Installing dms_bridge_node script to /home/the2003onean/dms_ws/install/dms_controller/lib/dms_controller
[1.118s] writing list of installed files to '/home/the2003onean/dms_ws/build/dms_controller/install.log'
[1.142s] Invoked command in '/home/the2003onean/dms_ws/src/dms_controller' returned '0': DEBUGINFOD_URLS=https://debuginfod.ubuntu.com PYTHONPATH=/home/the2003onean/dms_ws/build/dms_controller/prefix_override:/usr/lib/python3/dist-packages/colcon_core/task/python/colcon_distutils_commands:/home/the2003onean/dms_ws/install/dms_controller/lib/python3.12/site-packages:${PYTHONPATH} /usr/bin/python3 -W ignore:setup.py install is deprecated -W ignore:easy_install command is deprecated setup.py egg_info --egg-base ../../build/dms_controller build --build-base /home/the2003onean/dms_ws/build/dms_controller/build install --record /home/the2003onean/dms_ws/build/dms_controller/install.log --single-version-externally-managed install_data
